14:25:32.896 [main] INFO  com.urbanladder.runner.Runner - logged in Navya
14:25:42.156 [main] INFO  com.urbanladder.runner.Runner - clicked on sale and verfied it
14:25:50.497 [main] INFO  com.urbanladder.runner.Runner - clicked on living and verfied it
14:25:59.052 [main] INFO  com.urbanladder.runner.Runner - clicked on bedroom and verfied it
14:26:07.567 [main] INFO  com.urbanladder.runner.Runner - clicked on storage and verfied it
14:26:15.899 [main] INFO  com.urbanladder.runner.Runner - clicked on study and verfied it
14:26:24.740 [main] INFO  com.urbanladder.runner.Runner - clicked on kids and verfied it
14:26:33.960 [main] INFO  com.urbanladder.runner.Runner - clicked on giftcard and verified it
14:26:35.664 [main] INFO  com.urbanladder.runner.Runner - clicked on bulkorder and verified it
14:34:44.457 [main] INFO  com.urbanladder.runner.Runner - logged in Navya
14:34:53.563 [main] INFO  com.urbanladder.runner.Runner - clicked on sale and verfied it
14:35:02.259 [main] INFO  com.urbanladder.runner.Runner - clicked on living and verfied it
14:35:19.002 [main] INFO  com.urbanladder.runner.Runner - clicked on storage and verfied it
14:35:27.258 [main] INFO  com.urbanladder.runner.Runner - clicked on study and verfied it
14:35:35.616 [main] INFO  com.urbanladder.runner.Runner - clicked on kids and verfied it
14:35:44.795 [main] INFO  com.urbanladder.runner.Runner - clicked on giftcard and verified it
14:35:46.337 [main] INFO  com.urbanladder.runner.Runner - clicked on bulkorder and verified it
14:37:50.735 [main] INFO  com.urbanladder.runner.Runner - logged in Navya
14:37:59.518 [main] INFO  com.urbanladder.runner.Runner - clicked on sale and verfied it
14:38:08.257 [main] INFO  com.urbanladder.runner.Runner - clicked on living and verfied it
14:38:25.672 [main] INFO  com.urbanladder.runner.Runner - clicked on storage and verfied it
14:38:34.075 [main] INFO  com.urbanladder.runner.Runner - clicked on study and verfied it
14:38:42.235 [main] INFO  com.urbanladder.runner.Runner - clicked on kids and verfied it
14:38:51.709 [main] INFO  com.urbanladder.runner.Runner - clicked on giftcard and verified it
14:38:53.255 [main] INFO  com.urbanladder.runner.Runner - clicked on bulkorder and verified it
14:43:47.164 [main] INFO  com.urbanladder.runner.Runner - logged in Navya
14:43:56.764 [main] INFO  com.urbanladder.runner.Runner - clicked on sale and verfied it
14:44:05.574 [main] INFO  com.urbanladder.runner.Runner - clicked on living and verfied it
14:44:22.236 [main] INFO  com.urbanladder.runner.Runner - clicked on storage and verfied it
14:44:30.950 [main] INFO  com.urbanladder.runner.Runner - clicked on study and verfied it
14:44:39.068 [main] INFO  com.urbanladder.runner.Runner - clicked on kids and verfied it
14:44:48.385 [main] INFO  com.urbanladder.runner.Runner - clicked on giftcard and verified it
14:44:50.154 [main] INFO  com.urbanladder.runner.Runner - clicked on bulkorder and verified it
14:50:05.741 [main] INFO  com.urbanladder.runner.Runner - logged in Navya
14:50:14.734 [main] INFO  com.urbanladder.runner.Runner - clicked on sale and verfied it
14:50:23.357 [main] INFO  com.urbanladder.runner.Runner - clicked on living and verfied it
14:50:40.405 [main] INFO  com.urbanladder.runner.Runner - clicked on storage and verfied it
17:26:00.080 [main] INFO  com.urbanladder.runner.Runner - logged in Navya
17:26:09.132 [main] INFO  com.urbanladder.runner.Runner - clicked on sale and verfied it
17:26:17.545 [main] INFO  com.urbanladder.runner.Runner - clicked on living and verfied it
17:26:34.588 [main] INFO  com.urbanladder.runner.Runner - clicked on storage and verfied it
17:26:43.087 [main] INFO  com.urbanladder.runner.Runner - clicked on study and verfied it
17:26:51.791 [main] INFO  com.urbanladder.runner.Runner - clicked on kids and verfied it
17:27:01.790 [main] INFO  com.urbanladder.runner.Runner - clicked on giftcard and verified it
17:27:03.464 [main] INFO  com.urbanladder.runner.Runner - clicked on bulkorder and verified it
19:00:53.439 [main] INFO  com.urbanladder.runner.Runner - logged in Navya
19:01:04.069 [main] INFO  com.urbanladder.runner.Runner - clicked on sale and verfied it
19:01:12.787 [main] INFO  com.urbanladder.runner.Runner - clicked on living and verfied it
19:01:22.623 [main] INFO  com.urbanladder.runner.Runner - clicked on bedroom and verfied it
19:01:31.772 [main] INFO  com.urbanladder.runner.Runner - clicked on storage and verfied it
19:01:40.636 [main] INFO  com.urbanladder.runner.Runner - clicked on study and verfied it
19:01:50.292 [main] INFO  com.urbanladder.runner.Runner - clicked on kids and verfied it
19:02:00.301 [main] INFO  com.urbanladder.runner.Runner - clicked on giftcard and verified it
19:02:02.319 [main] INFO  com.urbanladder.runner.Runner - clicked on bulkorder and verified it
19:08:15.236 [main] INFO  com.urbanladder.runner.Runner - logged in Navya
19:08:24.934 [main] INFO  com.urbanladder.runner.Runner - clicked on sale and verfied it
19:08:34.110 [main] INFO  com.urbanladder.runner.Runner - clicked on living and verfied it
19:08:42.802 [main] INFO  com.urbanladder.runner.Runner - clicked on bedroom and verfied it
19:08:51.635 [main] INFO  com.urbanladder.runner.Runner - clicked on storage and verfied it
19:08:59.944 [main] INFO  com.urbanladder.runner.Runner - clicked on study and verfied it
19:09:08.614 [main] INFO  com.urbanladder.runner.Runner - clicked on kids and verfied it
19:09:18.835 [main] INFO  com.urbanladder.runner.Runner - clicked on giftcard and verified it
19:09:21.251 [main] INFO  com.urbanladder.runner.Runner - clicked on bulkorder and verified it
19:12:32.376 [main] INFO  com.urbanladder.runner.Runner - logged in Navya
19:12:41.440 [main] INFO  com.urbanladder.runner.Runner - clicked on sale and verfied it
19:12:57.290 [main] INFO  com.urbanladder.runner.Runner - clicked on living and verfied it
19:13:06.139 [main] INFO  com.urbanladder.runner.Runner - clicked on bedroom and verfied it
19:13:14.463 [main] INFO  com.urbanladder.runner.Runner - clicked on storage and verfied it
19:13:22.737 [main] INFO  com.urbanladder.runner.Runner - clicked on study and verfied it
19:13:31.174 [main] INFO  com.urbanladder.runner.Runner - clicked on kids and verfied it
19:13:40.874 [main] INFO  com.urbanladder.runner.Runner - clicked on giftcard and verified it
19:13:43.068 [main] INFO  com.urbanladder.runner.Runner - clicked on bulkorder and verified it
19:18:09.789 [main] INFO  com.urbanladder.runner.Runner - logged in Navya
19:18:19.536 [main] INFO  com.urbanladder.runner.Runner - clicked on sale and verfied it
19:18:28.062 [main] INFO  com.urbanladder.runner.Runner - clicked on living and verfied it
19:18:43.896 [main] INFO  com.urbanladder.runner.Runner - clicked on storage and verfied it
19:18:52.078 [main] INFO  com.urbanladder.runner.Runner - clicked on study and verfied it
19:19:00.344 [main] INFO  com.urbanladder.runner.Runner - clicked on kids and verfied it
19:19:10.899 [main] INFO  com.urbanladder.runner.Runner - clicked on giftcard and verified it
19:19:13.569 [main] INFO  com.urbanladder.runner.Runner - clicked on bulkorder and verified it
19:23:10.463 [main] INFO  com.urbanladder.runner.Runner - logged in Navya
19:23:20.529 [main] INFO  com.urbanladder.runner.Runner - clicked on sale and verfied it
19:23:29.500 [main] INFO  com.urbanladder.runner.Runner - clicked on living and verfied it
19:23:39.646 [main] INFO  com.urbanladder.runner.Runner - clicked on bedroom and verfied it
19:23:48.944 [main] INFO  com.urbanladder.runner.Runner - clicked on storage and verfied it
19:23:57.466 [main] INFO  com.urbanladder.runner.Runner - clicked on study and verfied it
19:24:05.715 [main] INFO  com.urbanladder.runner.Runner - clicked on kids and verfied it
19:24:16.534 [main] INFO  com.urbanladder.runner.Runner - clicked on giftcard and verified it
19:24:18.635 [main] INFO  com.urbanladder.runner.Runner - clicked on bulkorder and verified it
19:30:47.392 [main] INFO  com.urbanladder.runner.Runner - logged in Navya
19:30:57.942 [main] INFO  com.urbanladder.runner.Runner - clicked on sale and verfied it
19:32:58.787 [main] INFO  com.urbanladder.runner.Runner - logged in Navya
19:33:09.549 [main] INFO  com.urbanladder.runner.Runner - clicked on sale and verfied it
19:34:40.536 [main] INFO  com.urbanladder.runner.Runner - logged in Navya
19:35:33.446 [main] INFO  com.urbanladder.runner.Runner - clicked on bedroom and verfied it
19:35:42.194 [main] INFO  com.urbanladder.runner.Runner - clicked on storage and verfied it
19:37:17.156 [main] INFO  com.urbanladder.runner.Runner - logged in Navya
19:37:26.907 [main] INFO  com.urbanladder.runner.Runner - clicked on sale and verfied it
19:37:35.578 [main] INFO  com.urbanladder.runner.Runner - clicked on living and verfied it
19:37:45.274 [main] INFO  com.urbanladder.runner.Runner - clicked on bedroom and verfied it
19:37:54.072 [main] INFO  com.urbanladder.runner.Runner - clicked on storage and verfied it
19:38:02.252 [main] INFO  com.urbanladder.runner.Runner - clicked on study and verfied it
19:38:10.657 [main] INFO  com.urbanladder.runner.Runner - clicked on kids and verfied it
19:38:19.828 [main] INFO  com.urbanladder.runner.Runner - clicked on giftcard and verified it
19:38:21.594 [main] INFO  com.urbanladder.runner.Runner - clicked on bulkorder and verified it
19:41:35.727 [main] INFO  com.urbanladder.runner.Runner - logged in Navya
19:41:45.798 [main] INFO  com.urbanladder.runner.Runner - clicked on sale and verfied it
19:41:54.106 [main] INFO  com.urbanladder.runner.Runner - clicked on living and verfied it
19:42:02.335 [main] INFO  com.urbanladder.runner.Runner - clicked on bedroom and verfied it
19:42:10.587 [main] INFO  com.urbanladder.runner.Runner - clicked on storage and verfied it
19:42:19.053 [main] INFO  com.urbanladder.runner.Runner - clicked on study and verfied it
19:42:28.281 [main] INFO  com.urbanladder.runner.Runner - clicked on kids and verfied it
19:42:37.571 [main] INFO  com.urbanladder.runner.Runner - clicked on giftcard and verified it
19:42:39.548 [main] INFO  com.urbanladder.runner.Runner - clicked on bulkorder and verified it
19:45:14.188 [main] INFO  com.urbanladder.runner.Runner - logged in Navya
19:45:23.290 [main] INFO  com.urbanladder.runner.Runner - clicked on sale and verfied it
19:45:31.476 [main] INFO  com.urbanladder.runner.Runner - clicked on living and verfied it
19:45:39.856 [main] INFO  com.urbanladder.runner.Runner - clicked on bedroom and verfied it
19:45:48.406 [main] INFO  com.urbanladder.runner.Runner - clicked on storage and verfied it
19:45:57.045 [main] INFO  com.urbanladder.runner.Runner - clicked on study and verfied it
19:46:05.492 [main] INFO  com.urbanladder.runner.Runner - clicked on kids and verfied it
19:46:15.818 [main] INFO  com.urbanladder.runner.Runner - clicked on giftcard and verified it
19:46:18.015 [main] INFO  com.urbanladder.runner.Runner - clicked on bulkorder and verified it
19:51:27.077 [main] INFO  com.urbanladder.runner.Runner - logged in Navya
19:51:36.689 [main] INFO  com.urbanladder.runner.Runner - clicked on sale and verfied it
19:51:45.062 [main] INFO  com.urbanladder.runner.Runner - clicked on living and verfied it
19:51:53.955 [main] INFO  com.urbanladder.runner.Runner - clicked on bedroom and verfied it
19:52:02.381 [main] INFO  com.urbanladder.runner.Runner - clicked on storage and verfied it
19:52:11.576 [main] INFO  com.urbanladder.runner.Runner - clicked on study and verfied it
19:52:19.947 [main] INFO  com.urbanladder.runner.Runner - clicked on kids and verfied it
19:52:29.364 [main] INFO  com.urbanladder.runner.Runner - clicked on giftcard and verified it
19:52:31.463 [main] INFO  com.urbanladder.runner.Runner - clicked on bulkorder and verified it
19:58:12.083 [main] INFO  com.urbanladder.runner.Runner - logged in Navya
20:00:32.736 [main] INFO  com.urbanladder.runner.Runner - logged in Navya
20:00:42.547 [main] INFO  com.urbanladder.runner.Runner - clicked on sale and verfied it
20:00:51.016 [main] INFO  com.urbanladder.runner.Runner - clicked on living and verfied it
20:00:59.491 [main] INFO  com.urbanladder.runner.Runner - clicked on bedroom and verfied it
20:01:08.080 [main] INFO  com.urbanladder.runner.Runner - clicked on storage and verfied it
20:01:16.711 [main] INFO  com.urbanladder.runner.Runner - clicked on study and verfied it
20:01:24.865 [main] INFO  com.urbanladder.runner.Runner - clicked on kids and verfied it
20:01:34.465 [main] INFO  com.urbanladder.runner.Runner - clicked on giftcard and verified it
20:01:36.612 [main] INFO  com.urbanladder.runner.Runner - clicked on bulkorder and verified it
20:05:26.367 [main] INFO  com.urbanladder.runner.Runner - logged in Navya
20:05:35.590 [main] INFO  com.urbanladder.runner.Runner - clicked on sale and verfied it
20:05:44.031 [main] INFO  com.urbanladder.runner.Runner - clicked on living and verfied it
20:05:52.221 [main] INFO  com.urbanladder.runner.Runner - clicked on bedroom and verfied it
20:06:00.502 [main] INFO  com.urbanladder.runner.Runner - clicked on storage and verfied it
20:06:08.742 [main] INFO  com.urbanladder.runner.Runner - clicked on study and verfied it
20:06:17.245 [main] INFO  com.urbanladder.runner.Runner - clicked on kids and verfied it
20:06:26.571 [main] INFO  com.urbanladder.runner.Runner - clicked on giftcard and verified it
20:06:28.366 [main] INFO  com.urbanladder.runner.Runner - clicked on bulkorder and verified it
20:10:27.059 [main] INFO  com.urbanladder.runner.Runner - logged in Navya
20:10:36.188 [main] INFO  com.urbanladder.runner.Runner - clicked on sale and verfied it
20:10:44.571 [main] INFO  com.urbanladder.runner.Runner - clicked on living and verfied it
20:10:52.870 [main] INFO  com.urbanladder.runner.Runner - clicked on bedroom and verfied it
20:11:01.322 [main] INFO  com.urbanladder.runner.Runner - clicked on storage and verfied it
20:11:09.617 [main] INFO  com.urbanladder.runner.Runner - clicked on study and verfied it
20:11:17.790 [main] INFO  com.urbanladder.runner.Runner - clicked on kids and verfied it
20:11:27.270 [main] INFO  com.urbanladder.runner.Runner - clicked on giftcard and verified it
20:11:29.343 [main] INFO  com.urbanladder.runner.Runner - clicked on bulkorder and verified it
21:56:13.654 [main] INFO  com.urbanladder.runner.Runner - logged in Navya
21:56:22.597 [main] INFO  com.urbanladder.runner.Runner - clicked on sale and verfied it
21:59:57.509 [main] INFO  com.urbanladder.runner.Runner - logged in Navya
22:00:06.481 [main] INFO  com.urbanladder.runner.Runner - clicked on sale and verfied it
22:02:51.957 [main] INFO  com.urbanladder.runner.Runner - logged in Navya
22:03:00.940 [main] INFO  com.urbanladder.runner.Runner - clicked on sale and verfied it
22:03:09.120 [main] INFO  com.urbanladder.runner.Runner - clicked on living and verfied it
22:03:17.356 [main] INFO  com.urbanladder.runner.Runner - clicked on bedroom and verfied it
22:03:25.577 [main] INFO  com.urbanladder.runner.Runner - clicked on storage and verfied it
22:03:34.574 [main] INFO  com.urbanladder.runner.Runner - clicked on study and verfied it
22:03:42.820 [main] INFO  com.urbanladder.runner.Runner - clicked on kids and verfied it
22:03:52.046 [main] INFO  com.urbanladder.runner.Runner - clicked on giftcard and verified it
22:03:53.765 [main] INFO  com.urbanladder.runner.Runner - clicked on bulkorder and verified it
22:07:19.274 [main] INFO  com.urbanladder.runner.Runner - logged in Navya
22:07:28.155 [main] INFO  com.urbanladder.runner.Runner - clicked on sale and verfied it
22:07:36.490 [main] INFO  com.urbanladder.runner.Runner - clicked on living and verfied it
22:07:44.965 [main] INFO  com.urbanladder.runner.Runner - clicked on bedroom and verfied it
22:07:53.510 [main] INFO  com.urbanladder.runner.Runner - clicked on storage and verfied it
22:08:01.635 [main] INFO  com.urbanladder.runner.Runner - clicked on study and verfied it
22:08:10.078 [main] INFO  com.urbanladder.runner.Runner - clicked on kids and verfied it
22:08:19.295 [main] INFO  com.urbanladder.runner.Runner - clicked on giftcard and verified it
22:08:21.043 [main] INFO  com.urbanladder.runner.Runner - clicked on bulkorder and verified it
09:20:51.322 [main] INFO  com.urbanladder.runner.Runner - logged in Navya
09:21:00.871 [main] INFO  com.urbanladder.runner.Runner - clicked on sale and verfied it
09:21:09.089 [main] INFO  com.urbanladder.runner.Runner - clicked on living and verfied it
09:21:17.567 [main] INFO  com.urbanladder.runner.Runner - clicked on bedroom and verfied it
09:21:26.312 [main] INFO  com.urbanladder.runner.Runner - clicked on storage and verfied it
09:21:34.549 [main] INFO  com.urbanladder.runner.Runner - clicked on study and verfied it
09:21:42.744 [main] INFO  com.urbanladder.runner.Runner - clicked on kids and verfied it
09:21:52.867 [main] INFO  com.urbanladder.runner.Runner - clicked on giftcard and verified it
09:21:54.867 [main] INFO  com.urbanladder.runner.Runner - clicked on bulkorder and verified it
09:28:16.347 [main] INFO  com.urbanladder.runner.Runner - logged in Navya
09:28:27.386 [main] INFO  com.urbanladder.runner.Runner - clicked on sale and verfied it
09:28:35.756 [main] INFO  com.urbanladder.runner.Runner - clicked on living and verfied it
09:28:45.085 [main] INFO  com.urbanladder.runner.Runner - clicked on bedroom and verfied it
09:28:53.845 [main] INFO  com.urbanladder.runner.Runner - clicked on storage and verfied it
09:29:02.099 [main] INFO  com.urbanladder.runner.Runner - clicked on study and verfied it
09:29:10.623 [main] INFO  com.urbanladder.runner.Runner - clicked on kids and verfied it
09:29:20.101 [main] INFO  com.urbanladder.runner.Runner - clicked on giftcard and verified it
09:29:21.748 [main] INFO  com.urbanladder.runner.Runner - clicked on bulkorder and verified it
09:33:03.222 [main] INFO  com.urbanladder.runner.Runner - logged in Navya
09:33:13.844 [main] INFO  com.urbanladder.runner.Runner - clicked on sale and verfied it
09:33:22.171 [main] INFO  com.urbanladder.runner.Runner - clicked on living and verfied it
09:33:30.397 [main] INFO  com.urbanladder.runner.Runner - clicked on bedroom and verfied it
09:33:38.570 [main] INFO  com.urbanladder.runner.Runner - clicked on storage and verfied it
09:33:46.791 [main] INFO  com.urbanladder.runner.Runner - clicked on study and verfied it
09:33:54.990 [main] INFO  com.urbanladder.runner.Runner - clicked on kids and verfied it
09:34:04.870 [main] INFO  com.urbanladder.runner.Runner - clicked on giftcard and verified it
09:34:06.609 [main] INFO  com.urbanladder.runner.Runner - clicked on bulkorder and verified it
10:30:18.549 [main] INFO  com.urbanladder.runner.Runner - logged in Navya
10:30:21.901 [main] INFO  com.urbanladder.runner.Runner - searched for dining table and verified it
10:30:30.915 [main] INFO  com.urbanladder.runner.Runner - clicked on sale and verfied it
10:30:39.306 [main] INFO  com.urbanladder.runner.Runner - clicked on living and verfied it
10:30:47.649 [main] INFO  com.urbanladder.runner.Runner - clicked on bedroom and verfied it
10:30:56.295 [main] INFO  com.urbanladder.runner.Runner - clicked on storage and verfied it
10:31:04.668 [main] INFO  com.urbanladder.runner.Runner - clicked on study and verfied it
10:31:12.945 [main] INFO  com.urbanladder.runner.Runner - clicked on kids and verfied it
10:31:22.446 [main] INFO  com.urbanladder.runner.Runner - clicked on giftcard and verified it
10:31:24.344 [main] INFO  com.urbanladder.runner.Runner - clicked on bulkorder and verified it
10:34:10.726 [main] INFO  com.urbanladder.runner.Runner - logged in Navya
10:34:14.162 [main] INFO  com.urbanladder.runner.Runner - searched for dining table and verified it
10:34:23.669 [main] INFO  com.urbanladder.runner.Runner - clicked on sale and verfied it
10:34:31.885 [main] INFO  com.urbanladder.runner.Runner - clicked on living and verfied it
10:34:40.151 [main] INFO  com.urbanladder.runner.Runner - clicked on bedroom and verfied it
10:34:48.683 [main] INFO  com.urbanladder.runner.Runner - clicked on storage and verfied it
10:34:56.984 [main] INFO  com.urbanladder.runner.Runner - clicked on study and verfied it
10:35:05.437 [main] INFO  com.urbanladder.runner.Runner - clicked on kids and verfied it
10:35:14.895 [main] INFO  com.urbanladder.runner.Runner - clicked on giftcard and verified it
10:35:16.921 [main] INFO  com.urbanladder.runner.Runner - clicked on bulkorder and verified it
11:23:13.675 [main] INFO  com.urbanladder.runner.Runner - logged in Navya
11:23:17.267 [main] INFO  com.urbanladder.runner.Runner - searched for dining table and verified it
11:23:26.685 [main] INFO  com.urbanladder.runner.Runner - clicked on sale and verfied it
11:23:34.941 [main] INFO  com.urbanladder.runner.Runner - clicked on living and verfied it
11:23:43.517 [main] INFO  com.urbanladder.runner.Runner - clicked on bedroom and verfied it
11:23:51.742 [main] INFO  com.urbanladder.runner.Runner - clicked on storage and verfied it
11:24:00.348 [main] INFO  com.urbanladder.runner.Runner - clicked on study and verfied it
11:24:08.759 [main] INFO  com.urbanladder.runner.Runner - clicked on kids and verfied it
11:24:18.155 [main] INFO  com.urbanladder.runner.Runner - clicked on giftcard and verified it
11:24:20.011 [main] INFO  com.urbanladder.runner.Runner - clicked on bulkorder and verified it
11:40:08.641 [main] INFO  com.urbanladder.runner.Runner - logged in Navya
11:40:11.638 [main] INFO  com.urbanladder.runner.Runner - searched for dining table and verified it
11:40:20.895 [main] INFO  com.urbanladder.runner.Runner - clicked on sale and verfied it
11:40:29.284 [main] INFO  com.urbanladder.runner.Runner - clicked on living and verfied it
11:40:37.926 [main] INFO  com.urbanladder.runner.Runner - clicked on bedroom and verfied it
11:40:46.380 [main] INFO  com.urbanladder.runner.Runner - clicked on storage and verfied it
11:40:54.494 [main] INFO  com.urbanladder.runner.Runner - clicked on study and verfied it
11:41:02.877 [main] INFO  com.urbanladder.runner.Runner - clicked on kids and verfied it
11:41:12.146 [main] INFO  com.urbanladder.runner.Runner - clicked on giftcard and verified it
11:43:53.702 [main] INFO  com.urbanladder.runner.Runner - logged in Navya
11:43:55.964 [main] INFO  com.urbanladder.runner.Runner - searched for dining table and verified it
11:44:05.711 [main] INFO  com.urbanladder.runner.Runner - clicked on sale and verfied it
11:44:13.726 [main] INFO  com.urbanladder.runner.Runner - clicked on living and verfied it
11:44:22.301 [main] INFO  com.urbanladder.runner.Runner - clicked on bedroom and verfied it
11:44:30.612 [main] INFO  com.urbanladder.runner.Runner - clicked on storage and verfied it
11:44:38.693 [main] INFO  com.urbanladder.runner.Runner - clicked on study and verfied it
11:44:46.847 [main] INFO  com.urbanladder.runner.Runner - clicked on kids and verfied it
11:44:55.772 [main] INFO  com.urbanladder.runner.Runner - clicked on giftcard and verified it
11:44:57.515 [main] INFO  com.urbanladder.runner.Runner - clicked on bulkorder and verified it
11:53:15.670 [main] INFO  com.urbanladder.runner.Runner - logged in Navya
11:53:17.788 [main] INFO  com.urbanladder.runner.Runner - searched for dining table and verified it
11:53:26.505 [main] INFO  com.urbanladder.runner.Runner - clicked on sale and verfied it
11:53:35.007 [main] INFO  com.urbanladder.runner.Runner - clicked on living and verfied it
11:53:43.190 [main] INFO  com.urbanladder.runner.Runner - clicked on bedroom and verfied it
11:53:51.551 [main] INFO  com.urbanladder.runner.Runner - clicked on storage and verfied it
11:53:59.751 [main] INFO  com.urbanladder.runner.Runner - clicked on study and verfied it
11:54:07.903 [main] INFO  com.urbanladder.runner.Runner - clicked on kids and verfied it
11:54:17.035 [main] INFO  com.urbanladder.runner.Runner - clicked on giftcard and verified it
11:54:18.732 [main] INFO  com.urbanladder.runner.Runner - clicked on bulkorder and verified it
